<?xml version="1.0" encoding="UTF-8"?>
<!-- Generated by org.testng.reporters.JUnitReportReporter -->
<testsuite skipped="1" hostname="DESKTOP-3S3P68U" name="com.qa.te.tests.NegotationPageTest" tests="2" failures="0" timestamp="30 Aug 2020 10:53:45 GMT" time="0.036" errors="0">
  <testcase name="verifyNegotitationPageTitleTest" time="0.036" classname="com.qa.te.tests.NegotationPageTest"/>
  <testcase name="createNewOfferTest" classname="com.qa.te.tests.NegotationPageTest">
    <skipped/>
  </testcase> <!-- createNewOfferTest -->
</testsuite> <!-- com.qa.te.tests.NegotationPageTest -->
