<?xml version="1.0" encoding="UTF-8"?>
<!-- Generated by org.testng.reporters.JUnitReportReporter -->
<testsuite skipped="0" hostname="DESKTOP-3S3P68U" name="com.qa.te.tests.HomePageTest" tests="2" failures="0" timestamp="30 Aug 2020 10:53:45 GMT" time="1.102" errors="0">
  <testcase name="verifyHomePageTitleTest" time="0.544" classname="com.qa.te.tests.HomePageTest"/>
  <testcase name="verifyHomePageHeaderTest" time="0.558" classname="com.qa.te.tests.HomePageTest"/>
</testsuite> <!-- com.qa.te.tests.HomePageTest -->
