<?xml version="1.0" encoding="UTF-8"?>
<!-- Generated by org.testng.reporters.JUnitReportReporter -->
<testsuite skipped="0" hostname="DESKTOP-3S3P68U" name="com.qa.te.tests.NegotationPageTest" tests="2" failures="0" timestamp="01 Sep 2020 02:11:23 GMT" time="24.355" errors="0">
  <testcase name="verifyNegotitationPageTitleTest" time="0.359" classname="com.qa.te.tests.NegotationPageTest"/>
  <testcase name="createNewOfferTest" time="23.996" classname="com.qa.te.tests.NegotationPageTest"/>
</testsuite> <!-- com.qa.te.tests.NegotationPageTest -->
